{
  "RSpec": {
    "coverage": {
      "/Users/walshification/src/advent-of-code-2016/spec/day-01/gps_spec.rb": [
        1,
        null,
        1,
        null,
        1,
        13,
        null,
        1,
        1,
        1,
        null,
        null,
        null,
        1,
        1,
        1,
        1,
        null,
        null,
        1,
        1,
        1,
        null,
        null,
        1,
        1,
        1,
        null,
        null,
        1,
        1,
        1,
        null,
        null,
        1,
        1,
        1,
        null,
        null,
        1,
        1,
        1,
        null,
        null,
        1,
        1,
        1,
        null,
        null,
        null,
        1,
        1,
        1,
        1,
        null,
        null,
        1,
        1,
        1,
        null,
        null,
        1,
        1,
        1,
        1,
        null,
        null,
        null,
        1,
        1,
        1,
        1,
        1,
        null,
        null,
        null
      ],
      "/Users/walshification/src/advent-of-code-2016/lib/day-01/gps.rb": [
        1,
        1,
        12,
        12,
        12,
        12,
        null,
        null,
        1,
        1755,
        null,
        null,
        1,
        11,
        11,
        117,
        null,
        117,
        117,
        874,
        874,
        872,
        null,
        null,
        null,
        null,
        1,
        4,
        null,
        null,
        1,
        null,
        1,
        117,
        null,
        null,
        1,
        117,
        53,
        64,
        60,
        null,
        null,
        null,
        1,
        53,
        null,
        null,
        1,
        60,
        null,
        null,
        1,
        874,
        320,
        554,
        292,
        262,
        125,
        null,
        137,
        null,
        null,
        null,
        1,
        874,
        null,
        null,
        1,
        872,
        null,
        null
      ],
      "/Users/walshification/src/advent-of-code-2016/spec/day-02/decoder_spec.rb": [
        1,
        null,
        1,
        null,
        1,
        9,
        null,
        1,
        1,
        1,
        1,
        null,
        null,
        1,
        1,
        null,
        null,
        1,
        1,
        null,
        null,
        1,
        1,
        null,
        null,
        1,
        1,
        null,
        null,
        1,
        1,
        null,
        null,
        1,
        1,
        null,
        null,
        1,
        1,
        null,
        null,
        null,
        1,
        1,
        1,
        null,
        null,
        null,
        null,
        null,
        null,
        1,
        1,
        null,
        null,
        null,
        1,
        1,
        1,
        1,
        null,
        null,
        null,
        null,
        1,
        1,
        1,
        1,
        null,
        null,
        null,
        null,
        null,
        null,
        1,
        1,
        null,
        null,
        null
      ],
      "/Users/walshification/src/advent-of-code-2016/lib/day-02/decoder.rb": [
        1,
        1,
        null,
        null,
        null,
        null,
        null,
        1,
        11,
        11,
        null,
        null,
        1,
        11,
        8,
        null,
        null,
        null,
        null,
        null,
        null,
        13,
        2479,
        null,
        13,
        8,
        null,
        null,
        1,
        null,
        1,
        612,
        381,
        null,
        null,
        1,
        619,
        380,
        null,
        null,
        1,
        608,
        380,
        null,
        null,
        1,
        640,
        382,
        null,
        null,
        1,
        612,
        null,
        null,
        1,
        619,
        null,
        null,
        1,
        608,
        null,
        null,
        1,
        640,
        null,
        null
      ],
      "/Users/walshification/src/advent-of-code-2016/spec/day-03/triangle_factory_spec.rb": [
        1,
        null,
        1,
        1,
        1,
        1,
        1,
        1,
        null,
        null,
        1,
        1,
        1,
        null,
        null,
        null,
        1,
        1,
        1,
        null,
        null,
        null,
        1,
        null,
        null,
        null,
        1,
        1,
        2,
        null,
        null,
        null,
        null
      ],
      "/Users/walshification/src/advent-of-code-2016/lib/day-03/triangle_factory.rb": [
        1,
        null,
        1,
        1,
        5,
        5,
        3,
        2,
        2,
        638,
        null,
        1916,
        null,
        1,
        null,
        null,
        null
      ],
      "/Users/walshification/src/advent-of-code-2016/lib/day-03/triangle.rb": [
        1,
        1,
        1919,
        1919,
        1919,
        null,
        null,
        1,
        null,
        null,
        null,
        null,
        1913,
        null,
        null,
        1,
        null,
        1,
        1913,
        null,
        null,
        1,
        1913,
        null,
        null,
        1,
        1913,
        null,
        null
      ],
      "/Users/walshification/src/advent-of-code-2016/spec/day-03/triangle_spec.rb": [
        1,
        null,
        1,
        1,
        1,
        1,
        1,
        null,
        null,
        null,
        1,
        1,
        1,
        null,
        null,
        null,
        null
      ],
      "/Users/walshification/src/advent-of-code-2016/spec/day-03/triangle_validator_spec.rb": [
        1,
        null,
        1,
        1,
        null,
        null,
        null,
        1,
        1,
        1,
        1,
        1,
        1,
        2,
        2,
        null,
        1,
        1,
        1,
        null,
        null,
        null,
        1,
        1,
        1,
        1,
        2,
        2,
        null,
        1,
        1,
        1,
        null,
        null,
        null,
        1,
        1,
        1,
        1,
        1,
        1,
        null,
        1,
        null,
        null,
        null,
        null,
        null,
        null,
        null,
        null,
        null,
        null,
        null,
        null,
        null
      ],
      "/Users/walshification/src/advent-of-code-2016/lib/day-03/triangle_validator.rb": [
        1,
        1,
        null,
        1,
        3,
        3,
        null,
        null,
        1,
        1918,
        null,
        null
      ],
      "/Users/walshification/src/advent-of-code-2016/spec/day-04/code_spec.rb": [
        1,
        null,
        1,
        1,
        1,
        1,
        1,
        null,
        null,
        null,
        1,
        1,
        1,
        1,
        null,
        null,
        null,
        1,
        1,
        1,
        1,
        null,
        null,
        null,
        1,
        1,
        1,
        1,
        1,
        null,
        null,
        null,
        1,
        1,
        1,
        1,
        null,
        null,
        null,
        null
      ],
      "/Users/walshification/src/advent-of-code-2016/lib/day-04/code.rb": [
        1,
        1,
        1965,
        1965,
        1965,
        1965,
        1965,
        null,
        null,
        1,
        1625,
        null,
        null,
        1,
        4997,
        null,
        null,
        1,
        4008,
        null,
        null,
        1,
        1458,
        null,
        null,
        1,
        null,
        1,
        1459,
        1459,
        null,
        null,
        1,
        504,
        null,
        null,
        1,
        1459,
        null,
        null,
        1,
        5465,
        null,
        null,
        1,
        null,
        null,
        4007,
        null,
        null,
        1,
        1458,
        42001,
        null,
        22670,
        null,
        1458,
        1458,
        21212,
        15469,
        null,
        5743,
        5743,
        null,
        null,
        1458,
        null,
        null,
        1,
        7201,
        null,
        null,
        1,
        7201,
        null,
        null
      ],
      "/Users/walshification/src/advent-of-code-2016/spec/day-04/decryptor_spec.rb": [
        1,
        null,
        1,
        1,
        null,
        1,
        6,
        6,
        null,
        1,
        8,
        21,
        null,
        null,
        1,
        1,
        1,
        null,
        null,
        1,
        1,
        null,
        null,
        1,
        9,
        1,
        null,
        null,
        1,
        2,
        18,
        1,
        null,
        null,
        null,
        1,
        1,
        1,
        981,
        null,
        1,
        476,
        166,
        1,
        null,
        null,
        null,
        1,
        null,
        null,
        null
      ],
      "/Users/walshification/src/advent-of-code-2016/lib/day-04/decryptor.rb": [
        1,
        1,
        170,
        null,
        null,
        1,
        null,
        1,
        null,
        5151,
        4699,
        170,
        null,
        null,
        1,
        9398,
        null,
        null,
        null
      ],
      "/Users/walshification/src/advent-of-code-2016/spec/day-04/sector_sum_spec.rb": [
        1,
        null,
        1,
        1,
        null,
        1,
        5,
        5,
        null,
        1,
        7,
        6,
        7,
        null,
        null,
        1,
        1,
        1,
        2,
        null,
        1,
        1,
        null,
        null,
        null,
        1,
        1,
        2,
        null,
        1,
        1,
        null,
        null,
        null,
        1,
        2,
        null,
        1,
        1,
        1,
        1,
        null,
        null,
        null,
        1,
        1,
        1,
        981,
        null,
        1,
        null,
        null,
        null
      ],
      "/Users/walshification/src/advent-of-code-2016/lib/day-04/sector_sum.rb": [
        1,
        1,
        null,
        1,
        4,
        4,
        null,
        null,
        1,
        347,
        null,
        null,
        1,
        null,
        1,
        990,
        null,
        null
      ],
      "/Users/walshification/src/advent-of-code-2016/spec/day-05/nonlinear_password_generator_spec.rb": [
        1,
        null,
        1,
        null,
        1,
        1,
        1,
        3,
        3,
        6,
        6,
        null,
        null,
        1,
        2,
        2,
        null,
        1,
        null,
        null,
        1,
        null,
        null,
        1,
        2,
        2,
        null,
        1,
        null,
        null,
        1,
        null,
        null,
        1,
        1,
        2,
        2,
        2,
        2,
        null,
        1,
        null,
        null,
        1,
        null,
        null,
        null,
        1,
        1,
        null,
        0,
        0,
        null,
        null,
        null
      ],
      "/Users/walshification/src/advent-of-code-2016/lib/day-05/nonlinear_password_generator.rb": [
        1,
        1,
        3,
        3,
        3,
        3,
        3,
        3,
        3,
        3,
        3,
        null,
        null,
        1,
        3,
        4,
        4,
        null,
        3,
        null,
        null,
        1,
        null,
        1,
        4,
        7,
        7,
        null,
        4,
        null,
        null,
        1,
        null,
        11,
        null,
        null,
        null,
        1,
        11,
        null,
        null,
        1,
        null,
        null,
        7,
        null,
        null,
        1,
        6,
        null,
        null,
        1,
        7,
        null,
        null
      ],
      "/Users/walshification/src/advent-of-code-2016/spec/day-05/password_generator_spec.rb": [
        1,
        null,
        1,
        null,
        1,
        2,
        null,
        1,
        1,
        1,
        3,
        null,
        2,
        2,
        null,
        1,
        null,
        null,
        1,
        1,
        9,
        9,
        null,
        1,
        1,
        null,
        null,
        null,
        1,
        1,
        0,
        null,
        null,
        null
      ],
      "/Users/walshification/src/advent-of-code-2016/lib/day-05/password_generator.rb": [
        1,
        1,
        2,
        2,
        2,
        2,
        2,
        2,
        2,
        2,
        null,
        null,
        1,
        2,
        10,
        null,
        2,
        null,
        null,
        1,
        null,
        1,
        10,
        10,
        10,
        10,
        null,
        10,
        null,
        null,
        1,
        10,
        null,
        null
      ],
      "/Users/walshification/src/advent-of-code-2016/spec/day-06/signal_noise_reducer_spec.rb": [
        1,
        1,
        null,
        1,
        null,
        1,
        1,
        1,
        1,
        null,
        null,
        null,
        null,
        null,
        1,
        1,
        null,
        null,
        1,
        1,
        null,
        null,
        null,
        null,
        null,
        null,
        null,
        null,
        null,
        null,
        null,
        null,
        null,
        null,
        null,
        null,
        null,
        1,
        1,
        null,
        null,
        1,
        1,
        1,
        1,
        1,
        null,
        null,
        1,
        1,
        1,
        1,
        null,
        null,
        null,
        null
      ],
      "/Users/walshification/src/advent-of-code-2016/lib/day-06/signal_noise_reducer.rb": [
        1,
        1,
        4,
        4,
        null,
        null,
        1,
        null,
        25,
        4,
        null,
        null,
        1,
        null,
        1,
        1164,
        4,
        null,
        null,
        1,
        9285,
        9285,
        null,
        null
      ],
      "/Users/walshification/src/advent-of-code-2016/spec/day-07/ip_parser_spec.rb": [
        1,
        null,
        1,
        1,
        null,
        1,
        1,
        1,
        1,
        1,
        2001,
        1,
        1,
        null,
        null,
        null,
        null,
        1,
        1,
        1,
        1,
        2001,
        1,
        1,
        null,
        null,
        null,
        null
      ],
      "/Users/walshification/src/advent-of-code-2016/lib/day-07/ip.rb": [
        1,
        1,
        null,
        1,
        4012,
        null,
        null,
        1,
        2005,
        1933,
        null,
        null,
        1,
        91999,
        61902,
        null,
        3766,
        5358,
        null,
        2007,
        null,
        null,
        1,
        null,
        1,
        null,
        59874,
        2005,
        null,
        null,
        1,
        1933,
        86469,
        null,
        null,
        null,
        1,
        null,
        4004,
        2007,
        null,
        null,
        1,
        null,
        6011,
        2007,
        null,
        null,
        1,
        12014,
        null,
        null,
        1,
        27492,
        null,
        null,
        1,
        19778,
        19778,
        19778,
        286467,
        286467,
        null,
        19778,
        null,
        null,
        1,
        136580,
        null,
        null,
        null,
        null,
        null,
        null,
        null,
        null,
        136580,
        null,
        null,
        1,
        149887,
        null,
        null,
        null,
        null,
        null,
        null,
        null,
        149887,
        null,
        null,
        1,
        null,
        572934,
        286467,
        423047,
        null,
        null,
        286467,
        286467,
        null,
        null,
        286467,
        null,
        null,
        1,
        null,
        5358,
        null,
        null,
        null,
        1,
        434216,
        null,
        null,
        1,
        286467,
        null,
        null
      ],
      "/Users/walshification/src/advent-of-code-2016/lib/day-07/ip_parser.rb": [
        1,
        1,
        2,
        null,
        null,
        1,
        2001,
        null,
        null,
        1,
        2001,
        null,
        null
      ],
      "/Users/walshification/src/advent-of-code-2016/spec/day-07/ip_spec.rb": [
        1,
        null,
        1,
        null,
        1,
        1,
        1,
        1,
        1,
        null,
        null,
        1,
        1,
        1,
        null,
        null,
        1,
        1,
        1,
        null,
        null,
        1,
        1,
        1,
        null,
        null,
        1,
        1,
        1,
        null,
        null,
        null,
        1,
        1,
        1,
        1,
        null,
        null,
        1,
        1,
        1,
        null,
        null,
        1,
        1,
        1,
        null,
        null,
        1,
        1,
        1,
        null,
        null,
        1,
        1,
        1,
        null,
        null,
        1,
        1,
        1,
        null,
        null,
        1,
        1,
        1,
        null,
        null,
        null
      ]
    },
    "timestamp": 1482953118
  }
}
