{
  "RSpec": {
    "coverage": {
      "/Users/walshification/src/advent-of-code-2016/spec/day-08/keycard_screen_spec.rb": [
        1,
        null,
        1,
        null,
        1,
        1,
        1,
        1,
        1,
        1,
        null,
        null,
        1,
        1,
        1,
        1,
        null,
        null,
        null,
        1,
        9,
        null,
        null,
        null,
        null,
        null,
        1,
        1,
        null,
        null,
        null,
        1,
        1,
        null,
        null,
        1,
        1,
        null,
        null,
        null,
        1,
        1,
        null,
        null,
        1,
        1,
        null,
        null,
        null,
        1,
        1,
        1,
        null,
        null,
        1,
        1,
        null,
        null,
        null,
        1,
        1,
        1,
        null,
        null,
        1,
        1,
        null,
        null,
        null,
        1,
        1,
        1,
        1,
        null,
        null,
        1,
        1,
        null,
        null,
        null,
        1,
        1,
        1,
        1,
        1,
        null,
        null,
        1,
        1,
        null,
        null,
        null,
        1,
        1,
        1,
        1,
        null,
        null,
        1,
        1,
        null,
        null,
        1,
        null,
        null,
        null,
        null,
        null,
        null,
        1,
        1,
        null,
        null,
        null,
        1,
        1,
        1,
        1,
        1,
        1,
        null,
        null,
        null
      ],
      "/Users/walshification/src/advent-of-code-2016/lib/day-08/keycard_screen.rb": [
        1,
        1,
        null,
        null,
        null,
        null,
        null,
        null,
        null,
        null,
        1,
        11,
        11,
        11,
        null,
        null,
        1,
        1199,
        null,
        null,
        1,
        18,
        159,
        null,
        16,
        null,
        null,
        null,
        1,
        173,
        173,
        28,
        28,
        28,
        37,
        37,
        148,
        148,
        null,
        37,
        null,
        null,
        173,
        145,
        145,
        145,
        711,
        105,
        606,
        null,
        null,
        145,
        40,
        1868,
        40,
        1828,
        null,
        null,
        null,
        173,
        null,
        null
      ]
    },
    "timestamp": 1483382013
  }
}
